<?xml version="1.0" encoding="UTF-8"?>
<testsuite xmlns:xsi="http://www.w3.org/2001/XMLSchema-instance" xsi:noNamespaceSchemaLocation="https://maven.apache.org/surefire/maven-surefire-plugin/xsd/surefire-test-report-3.0.xsd" version="3.0" name="com.group78.TileTest" time="0.148" tests="4" errors="0" skipped="0" failures="0">
  <properties>
[...]
</properties>
  <testcase name="cycleTileTypes" classname="com.group78.TileTest" time="0.047">
    <system-out><![CDATA[testing initial empty tile
Changing tile type to food then testing
Changing tile type to Enemy Snake then testing
Clearing tile type  then testing
Changing tile type to User Snake then testing
Changing tile type to obstacle then testing
]]></system-out>
  </testcase>
  <testcase name="charRep" classname="com.group78.TileTest" time="0.044">
    <system-out><![CDATA[Testing initial empty tile
Tile{type=EMPTY, x=1, y=3}

Changing tile type to food then testing
Tile{type=FOOD, x=1, y=3}

Changing tile type to Enemy Snake then testing
Tile{type=E_SNAKE, x=1, y=3}

Changing tile type to User Snake then testing
Tile{type=U_SNAKE, x=1, y=3}

Changing tile type to obstacle then testing
Tile{type=OBSTACLE, x=1, y=3}
]]></system-out>
  </testcase>
  <testcase name="getTileX" classname="com.group78.TileTest" time="0.003"/>
  <testcase name="getTileY" classname="com.group78.TileTest" time="0.003"/>
</testsuite>